Active-HDL 9.2.2499.sp1.36.4586  2021-01-02 16:09:56

Elaboration top modules:
Architecture                  Behavioral(CACHE)


-------------------------------------------------------------------------------------------------
Entity   | Architecture | Library | Info | Compiler Version                | Compilation Options
-------------------------------------------------------------------------------------------------
CACHE    | Behavioral   | Cache   |      | 9.2.2499.sp1.36.4586  (Windows) | -O3
-------------------------------------------------------------------------------------------------

-------------------------------------------------------------------------------------------------
VHDL Package            | Library | Info | Compiler Version                | Compilation Options
-------------------------------------------------------------------------------------------------
standard                | std     |      |                                 | <unavailable>
TEXTIO                  | std     |      | 9.2.2499.sp1.36.4586  (Windows) |  -2008
std_logic_1164          | ieee    |      | 9.2.2499.sp1.36.4586  (Windows) |  -2008
std_logic_arith         | ieee    |      | 9.2.2499.sp1.36.4586  (Windows) | 
STD_LOGIC_UNSIGNED      | ieee    |      | 9.2.2499.sp1.36.4586  (Windows) | 
-------------------------------------------------------------------------------------------------

-------------------------------------------------------------------------------------------------
Library                 | Comment
-------------------------------------------------------------------------------------------------
Cache                   | None
ieee                    | Standard IEEE packages library
std                     | Standard VHDL library
-------------------------------------------------------------------------------------------------
