# Design: Design alu already active.
# 
# DESIGN: Default Design Language: VHDL
# DESIGN: Default BDE Language: VHDL
# DESIGN: Flow Manager: Not Defined
acom -reorder -O3 -work alu -2002  $dsn/src/alu.vhd
# Compile with File Reorder...
# Warning: DAGGEN_0523: The source is compiled without the -dbg switch. Line breakpoints, code coverage, and assertion debug will not be available.
# File: d:\fucking uni\Fucking_CA_Lab\sh\art_lu\alu\src\alu.vhd
# Compile Entity "alu"
# Compile Architecture "Behavioral" of Entity "alu"
# Top-level unit(s) detected:
# Entity => alu
# Compile success 0 Errors 0 Warnings  Analysis time :  1.0 [s]
# ELBREAD: Elaboration process.
# ELBREAD: Elaboration time 0.0 [s].
acom -O3 -work alu -2002  $dsn/src/TestBench/alu_TB.vhd
# Compile...
# Warning: DAGGEN_0523: The source is compiled without the -dbg switch. Line breakpoints, code coverage, and assertion debug will not be available.
# File: d:\fucking uni\Fucking_CA_Lab\sh\art_lu\alu\src\TestBench\alu_TB.vhd
# Compile Entity "alu_tb"
# Compile Architecture "TB_ARCHITECTURE" of Entity "alu_tb"
# Compile Configuration "TESTBENCH_FOR_alu"
# Compile success 0 Errors 0 Warnings  Analysis time :  0.1 [s]
asim -O5 +access +r +m+alu alu Behavioral
# ELBREAD: Elaboration process.
# ELBREAD: Elaboration time 0.0 [s].
# asim: Stack memory: 32MB
# asim: Retval memory: 32MB
# KERNEL: Main thread initiated.
# KERNEL: Kernel process initialization phase.
# KERNEL: Time resolution set to 1ps.
# ELAB2: Elaboration final pass...
# ELAB2: Create instances ...
# ELAB2: Create instances complete.
# SLP: Started
# SLP: Elaboration phase ...
# SLP: Elaboration phase ... skipped, nothing to simulate in SLP mode : 0.0 [s]
# SLP: Finished : 0.0 [s]
# ELAB2: Elaboration final pass complete - time: 0.2 [s].
# KERNEL: Kernel process initialization done.
# Allocation: Simulator allocated 6180 kB (elbread=1023 elab2=5064 kernel=92 sdf=0)
# KERNEL: ASDB file was created in location d:\fucking uni\Fucking_CA_Lab\sh\art_lu\alu\src\wave.asdb
#  5:42 PM, Tuesday, December 15, 2020
#  Simulation has been initialized
#  Selected Top-Level: alu (Behavioral)
run
# KERNEL: WARNING: There is an 'U'|'X'|'W'|'Z'|'-' in an arithmetic operand, the result will be 'X'(es).
# KERNEL: Time: 0 ps,  Iteration: 0,  Instance: /alu,  Process: line__65.
# KERNEL: WARNING: There is an 'U'|'X'|'W'|'Z'|'-' in an arithmetic operand, the result will be 'X'(es).
# KERNEL: Time: 0 ps,  Iteration: 0,  Instance: /alu,  Process: line__65.
# KERNEL: Simulation has finished. There are no more test vectors to simulate.
run
# KERNEL: Simulation has finished. There are no more test vectors to simulate.
acom -O3 -work alu -2002  $dsn/src/TestBench/alu_TB.vhd
# Compile...
# Warning: DAGGEN_0523: The source is compiled without the -dbg switch. Line breakpoints, code coverage, and assertion debug will not be available.
# File: d:\fucking uni\Fucking_CA_Lab\sh\art_lu\alu\src\TestBench\alu_TB.vhd
# Compile Entity "alu_tb"
# Compile Architecture "TB_ARCHITECTURE" of Entity "alu_tb"
# Compile Configuration "TESTBENCH_FOR_alu"
# Compile success 0 Errors 0 Warnings  Analysis time :  0.2 [s]
#  Simulation has been stopped
# ELBREAD: Elaboration process.
# ELBREAD: Elaboration time 0.0 [s].
asim -O5 +access +r +m+alu_tb alu_tb TB_ARCHITECTURE
# ELBREAD: Elaboration process.
# ELBREAD: Elaboration time 0.0 [s].
# asim: Stack memory: 32MB
# asim: Retval memory: 32MB
# KERNEL: Main thread initiated.
# KERNEL: Kernel process initialization phase.
# KERNEL: Time resolution set to 1ps.
# ELAB2: Elaboration final pass...
# ELAB2: Create instances ...
# ELAB2: Create instances complete.
# SLP: Started
# SLP: Elaboration phase ...
# SLP: Elaboration phase ... skipped, nothing to simulate in SLP mode : 0.0 [s]
# SLP: Finished : 0.0 [s]
# ELAB2: Elaboration final pass complete - time: 0.2 [s].
# KERNEL: Kernel process initialization done.
# Allocation: Simulator allocated 6216 kB (elbread=1023 elab2=5098 kernel=94 sdf=0)
# KERNEL: ASDB file was created in location d:\fucking uni\Fucking_CA_Lab\sh\art_lu\alu\src\wave.asdb
#  5:43 PM, Tuesday, December 15, 2020
#  Simulation has been initialized
#  Selected Top-Level: alu_tb (TB_ARCHITECTURE)
run
# KERNEL: WARNING: There is an 'U'|'X'|'W'|'Z'|'-' in an arithmetic operand, the result will be 'X'(es).
# KERNEL: Time: 0 ps,  Iteration: 0,  Instance: /alu_tb/UUT,  Process: line__65.
# KERNEL: WARNING: There is an 'U'|'X'|'W'|'Z'|'-' in an arithmetic operand, the result will be 'X'(es).
# KERNEL: Time: 0 ps,  Iteration: 0,  Instance: /alu_tb/UUT,  Process: line__65.
# KERNEL: WARNING: There is an 'U'|'X'|'W'|'Z'|'-' in an arithmetic operand, the result will be 'X'(es).
# KERNEL: Time: 10 ns,  Iteration: 0,  Instance: /alu_tb/UUT,  Process: line__65.
# KERNEL: WARNING: There is an 'U'|'X'|'W'|'Z'|'-' in an arithmetic operand, the result will be 'X'(es).
# KERNEL: Time: 10 ns,  Iteration: 0,  Instance: /alu_tb/UUT,  Process: line__65.
# KERNEL: WARNING: There is an 'U'|'X'|'W'|'Z'|'-' in an arithmetic operand, the result will be 'X'(es).
# KERNEL: Time: 20 ns,  Iteration: 0,  Instance: /alu_tb/UUT,  Process: line__65.
endsim
# KERNEL: stopped at time: 16791838300 ns
#  Simulation has been stopped
asim -O5 +access +r +m+alu_tb alu_tb TB_ARCHITECTURE
# ELBREAD: Elaboration process.
# ELBREAD: Elaboration time 0.0 [s].
# asim: Stack memory: 32MB
# asim: Retval memory: 32MB
# KERNEL: Main thread initiated.
# KERNEL: Kernel process initialization phase.
# KERNEL: Time resolution set to 1ps.
# ELAB2: Elaboration final pass...
# ELAB2: Create instances ...
# ELAB2: Create instances complete.
# SLP: Started
# SLP: Elaboration phase ...
# SLP: Elaboration phase ... skipped, nothing to simulate in SLP mode : 0.0 [s]
# SLP: Finished : 0.0 [s]
# ELAB2: Elaboration final pass complete - time: 0.0 [s].
# KERNEL: Kernel process initialization done.
# Allocation: Simulator allocated 6216 kB (elbread=1023 elab2=5098 kernel=94 sdf=0)
# KERNEL: ASDB file was created in location d:\fucking uni\Fucking_CA_Lab\sh\art_lu\alu\src\wave.asdb
#  5:43 PM, Tuesday, December 15, 2020
#  Simulation has been initialized
#  Selected Top-Level: alu_tb (TB_ARCHITECTURE)
run 200 ns
# KERNEL: WARNING: There is an 'U'|'X'|'W'|'Z'|'-' in an arithmetic operand, the result will be 'X'(es).
# KERNEL: Time: 0 ps,  Iteration: 0,  Instance: /alu_tb/UUT,  Process: line__65.
# KERNEL: WARNING: There is an 'U'|'X'|'W'|'Z'|'-' in an arithmetic operand, the result will be 'X'(es).
# KERNEL: Time: 0 ps,  Iteration: 0,  Instance: /alu_tb/UUT,  Process: line__65.
# KERNEL: WARNING: There is an 'U'|'X'|'W'|'Z'|'-' in an arithmetic operand, the result will be 'X'(es).
# KERNEL: Time: 10 ns,  Iteration: 0,  Instance: /alu_tb/UUT,  Process: line__65.
# KERNEL: WARNING: There is an 'U'|'X'|'W'|'Z'|'-' in an arithmetic operand, the result will be 'X'(es).
# KERNEL: Time: 10 ns,  Iteration: 0,  Instance: /alu_tb/UUT,  Process: line__65.
# KERNEL: WARNING: There is an 'U'|'X'|'W'|'Z'|'-' in an arithmetic operand, the result will be 'X'(es).
# KERNEL: Time: 20 ns,  Iteration: 0,  Instance: /alu_tb/UUT,  Process: line__65.
# KERNEL: stopped at time: 200 ns
endsim
#  Simulation has been stopped
asim -O5 +access +r +m+alu_tb alu_tb TB_ARCHITECTURE
# ELBREAD: Elaboration process.
# ELBREAD: Elaboration time 0.0 [s].
# asim: Stack memory: 32MB
# asim: Retval memory: 32MB
acom -O3 -work alu -2002  $dsn/src/TestBench/alu_TB.vhd
# Compile...
# Warning: DAGGEN_0523: The source is compiled without the -dbg switch. Line breakpoints, code coverage, and assertion debug will not be available.
# File: d:\fucking uni\Fucking_CA_Lab\sh\art_lu\alu\src\TestBench\alu_TB.vhd
# Compile Entity "alu_tb"
# Compile Architecture "TB_ARCHITECTURE" of Entity "alu_tb"
# Compile Configuration "TESTBENCH_FOR_alu"
# Compile success 0 Errors 0 Warnings  Analysis time :  0.1 [s]
# ELBREAD: Elaboration process.
# ELBREAD: Elaboration time 0.0 [s].
# KERNEL: Main thread initiated.
# KERNEL: Kernel process initialization phase.
# KERNEL: Time resolution set to 1ps.
# ELAB2: Elaboration final pass...
# ELAB2: Create instances ...
# ELAB2: Create instances complete.
# SLP: Started
# SLP: Elaboration phase ...
# SLP: Elaboration phase ... skipped, nothing to simulate in SLP mode : 0.0 [s]
# SLP: Finished : 0.0 [s]
# ELAB2: Elaboration final pass complete - time: 0.1 [s].
# KERNEL: Kernel process initialization done.
# Allocation: Simulator allocated 6217 kB (elbread=1023 elab2=5098 kernel=94 sdf=0)
# KERNEL: ASDB file was created in location d:\fucking uni\Fucking_CA_Lab\sh\art_lu\alu\src\wave.asdb
#  5:43 PM, Tuesday, December 15, 2020
#  Simulation has been initialized
#  Selected Top-Level: alu_tb (TB_ARCHITECTURE)
run 200 ns
# KERNEL: WARNING: There is an 'U'|'X'|'W'|'Z'|'-' in an arithmetic operand, the result will be 'X'(es).
# KERNEL: Time: 0 ps,  Iteration: 0,  Instance: /alu_tb/UUT,  Process: line__65.
# KERNEL: WARNING: There is an 'U'|'X'|'W'|'Z'|'-' in an arithmetic operand, the result will be 'X'(es).
# KERNEL: Time: 0 ps,  Iteration: 0,  Instance: /alu_tb/UUT,  Process: line__65.
# KERNEL: WARNING: There is an 'U'|'X'|'W'|'Z'|'-' in an arithmetic operand, the result will be 'X'(es).
# KERNEL: Time: 10 ns,  Iteration: 0,  Instance: /alu_tb/UUT,  Process: line__65.
# KERNEL: WARNING: There is an 'U'|'X'|'W'|'Z'|'-' in an arithmetic operand, the result will be 'X'(es).
# KERNEL: Time: 10 ns,  Iteration: 0,  Instance: /alu_tb/UUT,  Process: line__65.
# KERNEL: WARNING: There is an 'U'|'X'|'W'|'Z'|'-' in an arithmetic operand, the result will be 'X'(es).
# KERNEL: Time: 20 ns,  Iteration: 0,  Instance: /alu_tb/UUT,  Process: line__65.
# KERNEL: stopped at time: 200 ns
run 200 ns
# KERNEL: stopped at time: 400 ns
endsim
#  Simulation has been stopped
asim -O5 +access +r +m+alu_tb alu_tb TB_ARCHITECTURE
# ELBREAD: Elaboration process.
# ELBREAD: Elaboration time 0.0 [s].
# asim: Stack memory: 32MB
# asim: Retval memory: 32MB
# KERNEL: Main thread initiated.
# KERNEL: Kernel process initialization phase.
# KERNEL: Time resolution set to 1ps.
# ELAB2: Elaboration final pass...
# ELAB2: Create instances ...
# ELAB2: Create instances complete.
# SLP: Started
# SLP: Elaboration phase ...
# SLP: Elaboration phase ... skipped, nothing to simulate in SLP mode : 0.0 [s]
# SLP: Finished : 0.0 [s]
# ELAB2: Elaboration final pass complete - time: 0.1 [s].
# KERNEL: Kernel process initialization done.
# Allocation: Simulator allocated 6217 kB (elbread=1023 elab2=5098 kernel=94 sdf=0)
# KERNEL: ASDB file was created in location d:\fucking uni\Fucking_CA_Lab\sh\art_lu\alu\src\wave.asdb
#  5:44 PM, Tuesday, December 15, 2020
#  Simulation has been initialized
#  Selected Top-Level: alu_tb (TB_ARCHITECTURE)
run 200 ns
# KERNEL: WARNING: There is an 'U'|'X'|'W'|'Z'|'-' in an arithmetic operand, the result will be 'X'(es).
# KERNEL: Time: 0 ps,  Iteration: 0,  Instance: /alu_tb/UUT,  Process: line__65.
# KERNEL: WARNING: There is an 'U'|'X'|'W'|'Z'|'-' in an arithmetic operand, the result will be 'X'(es).
# KERNEL: Time: 0 ps,  Iteration: 0,  Instance: /alu_tb/UUT,  Process: line__65.
# KERNEL: WARNING: There is an 'U'|'X'|'W'|'Z'|'-' in an arithmetic operand, the result will be 'X'(es).
# KERNEL: Time: 10 ns,  Iteration: 0,  Instance: /alu_tb/UUT,  Process: line__65.
# KERNEL: WARNING: There is an 'U'|'X'|'W'|'Z'|'-' in an arithmetic operand, the result will be 'X'(es).
# KERNEL: Time: 10 ns,  Iteration: 0,  Instance: /alu_tb/UUT,  Process: line__65.
# KERNEL: WARNING: There is an 'U'|'X'|'W'|'Z'|'-' in an arithmetic operand, the result will be 'X'(es).
# KERNEL: Time: 20 ns,  Iteration: 0,  Instance: /alu_tb/UUT,  Process: line__65.
# KERNEL: stopped at time: 200 ns
run 200 ns
# KERNEL: stopped at time: 400 ns
endsim
#  Simulation has been stopped
# Error: Accelerated Waveform: Simulation database is not connected. Initialize simulation or load simulation database by opening waveform file (AWC, ASDB).
asim -O5 +access +r +m+alu_tb alu_tb TB_ARCHITECTURE
# ELBREAD: Elaboration process.
# ELBREAD: Elaboration time 0.0 [s].
# asim: Stack memory: 32MB
# asim: Retval memory: 32MB
# KERNEL: Main thread initiated.
# KERNEL: Kernel process initialization phase.
# KERNEL: Time resolution set to 1ps.
# ELAB2: Elaboration final pass...
# ELAB2: Create instances ...
# ELAB2: Create instances complete.
# SLP: Started
# SLP: Elaboration phase ...
# SLP: Elaboration phase ... skipped, nothing to simulate in SLP mode : 0.0 [s]
# SLP: Finished : 0.0 [s]
# ELAB2: Elaboration final pass complete - time: 0.1 [s].
# KERNEL: Kernel process initialization done.
# Allocation: Simulator allocated 6217 kB (elbread=1023 elab2=5098 kernel=94 sdf=0)
# KERNEL: ASDB file was created in location d:\fucking uni\Fucking_CA_Lab\sh\art_lu\alu\src\wave.asdb
#  5:46 PM, Tuesday, December 15, 2020
#  Simulation has been initialized
#  Selected Top-Level: alu_tb (TB_ARCHITECTURE)
run 200 ns
# KERNEL: WARNING: There is an 'U'|'X'|'W'|'Z'|'-' in an arithmetic operand, the result will be 'X'(es).
# KERNEL: Time: 0 ps,  Iteration: 0,  Instance: /alu_tb/UUT,  Process: line__65.
# KERNEL: WARNING: There is an 'U'|'X'|'W'|'Z'|'-' in an arithmetic operand, the result will be 'X'(es).
# KERNEL: Time: 0 ps,  Iteration: 0,  Instance: /alu_tb/UUT,  Process: line__65.
# KERNEL: WARNING: There is an 'U'|'X'|'W'|'Z'|'-' in an arithmetic operand, the result will be 'X'(es).
# KERNEL: Time: 10 ns,  Iteration: 0,  Instance: /alu_tb/UUT,  Process: line__65.
# KERNEL: WARNING: There is an 'U'|'X'|'W'|'Z'|'-' in an arithmetic operand, the result will be 'X'(es).
# KERNEL: Time: 10 ns,  Iteration: 0,  Instance: /alu_tb/UUT,  Process: line__65.
# KERNEL: WARNING: There is an 'U'|'X'|'W'|'Z'|'-' in an arithmetic operand, the result will be 'X'(es).
# KERNEL: Time: 20 ns,  Iteration: 0,  Instance: /alu_tb/UUT,  Process: line__65.
# KERNEL: stopped at time: 200 ns
endsim
#  Simulation has been stopped
asim -O5 +access +r +m+alu_tb alu_tb TB_ARCHITECTURE
# ELBREAD: Elaboration process.
# ELBREAD: Elaboration time 0.0 [s].
# asim: Stack memory: 32MB
# asim: Retval memory: 32MB
# KERNEL: Main thread initiated.
# KERNEL: Kernel process initialization phase.
# KERNEL: Time resolution set to 1ps.
# ELAB2: Elaboration final pass...
# ELAB2: Create instances ...
# ELAB2: Create instances complete.
# SLP: Started
# SLP: Elaboration phase ...
# SLP: Elaboration phase ... skipped, nothing to simulate in SLP mode : 0.0 [s]
# SLP: Finished : 0.0 [s]
# ELAB2: Elaboration final pass complete - time: 0.3 [s].
# KERNEL: Kernel process initialization done.
# Allocation: Simulator allocated 6217 kB (elbread=1023 elab2=5098 kernel=94 sdf=0)
# KERNEL: ASDB file was created in location d:\fucking uni\Fucking_CA_Lab\sh\art_lu\alu\src\wave.asdb
#  5:47 PM, Tuesday, December 15, 2020
#  Simulation has been initialized
#  Selected Top-Level: alu_tb (TB_ARCHITECTURE)
run
# KERNEL: WARNING: There is an 'U'|'X'|'W'|'Z'|'-' in an arithmetic operand, the result will be 'X'(es).
# KERNEL: Time: 0 ps,  Iteration: 0,  Instance: /alu_tb/UUT,  Process: line__65.
# KERNEL: WARNING: There is an 'U'|'X'|'W'|'Z'|'-' in an arithmetic operand, the result will be 'X'(es).
# KERNEL: Time: 0 ps,  Iteration: 0,  Instance: /alu_tb/UUT,  Process: line__65.
# KERNEL: WARNING: There is an 'U'|'X'|'W'|'Z'|'-' in an arithmetic operand, the result will be 'X'(es).
# KERNEL: Time: 10 ns,  Iteration: 0,  Instance: /alu_tb/UUT,  Process: line__65.
# KERNEL: WARNING: There is an 'U'|'X'|'W'|'Z'|'-' in an arithmetic operand, the result will be 'X'(es).
# KERNEL: Time: 10 ns,  Iteration: 0,  Instance: /alu_tb/UUT,  Process: line__65.
# KERNEL: WARNING: There is an 'U'|'X'|'W'|'Z'|'-' in an arithmetic operand, the result will be 'X'(es).
# KERNEL: Time: 20 ns,  Iteration: 0,  Instance: /alu_tb/UUT,  Process: line__65.
endsim
# KERNEL: stopped at time: 493195010 ns
#  Simulation has been stopped
asim -O5 +access +r +m+alu_tb alu_tb TB_ARCHITECTURE
# ELBREAD: Elaboration process.
# ELBREAD: Elaboration time 0.0 [s].
# asim: Stack memory: 32MB
# asim: Retval memory: 32MB
# KERNEL: Main thread initiated.
# KERNEL: Kernel process initialization phase.
# KERNEL: Time resolution set to 1ps.
# ELAB2: Elaboration final pass...
# ELAB2: Create instances ...
# ELAB2: Create instances complete.
# SLP: Started
# SLP: Elaboration phase ...
# SLP: Elaboration phase ... skipped, nothing to simulate in SLP mode : 0.0 [s]
# SLP: Finished : 0.0 [s]
# ELAB2: Elaboration final pass complete - time: 0.3 [s].
# KERNEL: Kernel process initialization done.
# Allocation: Simulator allocated 6217 kB (elbread=1023 elab2=5098 kernel=94 sdf=0)
# KERNEL: ASDB file was created in location d:\fucking uni\Fucking_CA_Lab\sh\art_lu\alu\src\wave.asdb
#  5:47 PM, Tuesday, December 15, 2020
#  Simulation has been initialized
#  Selected Top-Level: alu_tb (TB_ARCHITECTURE)
run 200 ns
# KERNEL: WARNING: There is an 'U'|'X'|'W'|'Z'|'-' in an arithmetic operand, the result will be 'X'(es).
# KERNEL: Time: 0 ps,  Iteration: 0,  Instance: /alu_tb/UUT,  Process: line__65.
# KERNEL: WARNING: There is an 'U'|'X'|'W'|'Z'|'-' in an arithmetic operand, the result will be 'X'(es).
# KERNEL: Time: 0 ps,  Iteration: 0,  Instance: /alu_tb/UUT,  Process: line__65.
# KERNEL: WARNING: There is an 'U'|'X'|'W'|'Z'|'-' in an arithmetic operand, the result will be 'X'(es).
# KERNEL: Time: 10 ns,  Iteration: 0,  Instance: /alu_tb/UUT,  Process: line__65.
# KERNEL: WARNING: There is an 'U'|'X'|'W'|'Z'|'-' in an arithmetic operand, the result will be 'X'(es).
# KERNEL: Time: 10 ns,  Iteration: 0,  Instance: /alu_tb/UUT,  Process: line__65.
# KERNEL: WARNING: There is an 'U'|'X'|'W'|'Z'|'-' in an arithmetic operand, the result will be 'X'(es).
# KERNEL: Time: 20 ns,  Iteration: 0,  Instance: /alu_tb/UUT,  Process: line__65.
# KERNEL: stopped at time: 200 ns
# Waveform file 'untitled.awc' connected to 'd:/fucking uni/Fucking_CA_Lab/sh/art_lu/alu/src/wave.asdb'.
# add wave -noreg {/alu_tb/UUT/ALU_Result}
# add wave -noreg {/alu_tb/UUT/tmp}
# add wave -noreg {/alu_tb/UUT/A}
# add wave -noreg {/alu_tb/UUT/B}
# add wave -noreg {/alu_tb/UUT/Cin}
# add wave -noreg {/alu_tb/UUT/ALU_Sel}
# add wave -noreg {/alu_tb/UUT/ALU_Out}
# add wave -noreg {/alu_tb/UUT/Cout}
# 8 signal(s) traced.
run 200 ns
# KERNEL: stopped at time: 400 ns
acom -O3 -work alu -2002  $dsn/src/alu.vhd
# Compile...
# Warning: DAGGEN_0523: The source is compiled without the -dbg switch. Line breakpoints, code coverage, and assertion debug will not be available.
# File: d:\fucking uni\Fucking_CA_Lab\sh\art_lu\alu\src\alu.vhd
# Compile Entity "alu"
# Compile Architecture "Behavioral" of Entity "alu"
# Compile success 0 Errors 0 Warnings  Analysis time :  0.1 [s]
acom -O3 -work alu -2002  $dsn/src/TestBench/alu_TB.vhd
# Compile...
# Warning: DAGGEN_0523: The source is compiled without the -dbg switch. Line breakpoints, code coverage, and assertion debug will not be available.
# File: d:\fucking uni\Fucking_CA_Lab\sh\art_lu\alu\src\TestBench\alu_TB.vhd
# Compile Entity "alu_tb"
# Compile Architecture "TB_ARCHITECTURE" of Entity "alu_tb"
# Error: ELAB1_0028: alu_TB.vhd : (43, 0): Entity port length is 3. ALU_Sel length is 4.
# Error: COMP96_0367: alu_TB.vhd : (65, 16): Improper array length (3). Expected length is 4.
# Compile Configuration "TESTBENCH_FOR_alu"
# Error: ELAB1_0028: alu_TB.vhd : (43, 0): Entity port length is 3. ALU_Sel length is 4.
# Error: ELAB1_0028: alu_TB.vhd : (82, 1): Entity port length is 3. ALU_Sel length is 4.
# Error: COMP96_0203: alu_TB.vhd : (83, 4): Binding indication has neither a generic map aspect nor a port map aspect.
# Error: ELAB1_0028: alu_TB.vhd : (83, 1): Entity port length is 3. ALU_Sel length is 4.
# Compile failure 6 Errors 0 Warnings  Analysis time :  47.0 [ms]
acom -O3 -work alu -2002  $dsn/src/TestBench/alu_TB.vhd
# Compile...
# Warning: DAGGEN_0523: The source is compiled without the -dbg switch. Line breakpoints, code coverage, and assertion debug will not be available.
# File: d:\fucking uni\Fucking_CA_Lab\sh\art_lu\alu\src\TestBench\alu_TB.vhd
# Compile Entity "alu_tb"
# Compile Architecture "TB_ARCHITECTURE" of Entity "alu_tb"
# Compile Configuration "TESTBENCH_FOR_alu"
# Compile success 0 Errors 0 Warnings  Analysis time :  0.1 [s]
# add wave -noreg {/alu_tb/UUT/ALU_Result}
# add wave -noreg {/alu_tb/UUT/tmp}
# add wave -noreg {/alu_tb/UUT/A}
# add wave -noreg {/alu_tb/UUT/B}
# add wave -noreg {/alu_tb/UUT/Cin}
# add wave -noreg {/alu_tb/UUT/ALU_Sel}
# add wave -noreg {/alu_tb/UUT/ALU_Out}
# add wave -noreg {/alu_tb/UUT/Cout}
# KERNEL: Warning: KERNEL_0291 Signal '/alu_tb/UUT/ALU_Result' has already been traced.
# KERNEL: Warning: KERNEL_0291 Signal '/alu_tb/UUT/tmp' has already been traced.
# KERNEL: Warning: KERNEL_0291 Signal '/alu_tb/UUT/A' has already been traced.
# KERNEL: Warning: KERNEL_0291 Signal '/alu_tb/UUT/B' has already been traced.
# KERNEL: Warning: KERNEL_0291 Signal '/alu_tb/UUT/Cin' has already been traced.
# KERNEL: Warning: KERNEL_0291 Signal '/alu_tb/UUT/ALU_Sel' has already been traced.
# KERNEL: Warning: KERNEL_0291 Signal '/alu_tb/UUT/ALU_Out' has already been traced.
# KERNEL: Warning: KERNEL_0291 Signal '/alu_tb/UUT/Cout' has already been traced.
# 0 signal(s) traced.
run 200 ns
# KERNEL: stopped at time: 600 ns
endsim
#  Simulation has been stopped
# Error: Accelerated Waveform: Simulation database is not connected. Initialize simulation or load simulation database by opening waveform file (AWC, ASDB).
asim -O5 +access +r +m+alu_tb alu_tb TB_ARCHITECTURE
# ELBREAD: Elaboration process.
# ELBREAD: Elaboration time 0.0 [s].
# asim: Stack memory: 32MB
# asim: Retval memory: 32MB
# KERNEL: Main thread initiated.
# KERNEL: Kernel process initialization phase.
# KERNEL: Time resolution set to 1ps.
# ELAB2: Elaboration final pass...
# ELAB2: Create instances ...
# ELAB2: Create instances complete.
# SLP: Started
# SLP: Elaboration phase ...
# SLP: Elaboration phase ... skipped, nothing to simulate in SLP mode : 0.0 [s]
# SLP: Finished : 0.0 [s]
# ELAB2: Elaboration final pass complete - time: 0.0 [s].
# KERNEL: Kernel process initialization done.
# Allocation: Simulator allocated 6213 kB (elbread=1023 elab2=5095 kernel=94 sdf=0)
# KERNEL: ASDB file was created in location d:\fucking uni\Fucking_CA_Lab\sh\art_lu\alu\src\wave.asdb
#  5:58 PM, Tuesday, December 15, 2020
#  Simulation has been initialized
#  Selected Top-Level: alu_tb (TB_ARCHITECTURE)
run 200 ns
# KERNEL: WARNING: There is an 'U'|'X'|'W'|'Z'|'-' in an arithmetic operand, the result will be 'X'(es).
# KERNEL: Time: 0 ps,  Iteration: 0,  Instance: /alu_tb/UUT,  Process: line__49.
# KERNEL: WARNING: There is an 'U'|'X'|'W'|'Z'|'-' in an arithmetic operand, the result will be 'X'(es).
# KERNEL: Time: 0 ps,  Iteration: 0,  Instance: /alu_tb/UUT,  Process: line__49.
# KERNEL: WARNING: There is an 'U'|'X'|'W'|'Z'|'-' in an arithmetic operand, the result will be 'X'(es).
# KERNEL: Time: 10 ns,  Iteration: 0,  Instance: /alu_tb/UUT,  Process: line__49.
# KERNEL: WARNING: There is an 'U'|'X'|'W'|'Z'|'-' in an arithmetic operand, the result will be 'X'(es).
# KERNEL: Time: 10 ns,  Iteration: 0,  Instance: /alu_tb/UUT,  Process: line__49.
# KERNEL: WARNING: There is an 'U'|'X'|'W'|'Z'|'-' in an arithmetic operand, the result will be 'X'(es).
# KERNEL: Time: 20 ns,  Iteration: 0,  Instance: /alu_tb/UUT,  Process: line__49.
# KERNEL: stopped at time: 200 ns
# Waveform file 'untitled.awc' connected to 'd:/fucking uni/Fucking_CA_Lab/sh/art_lu/alu/src/wave.asdb'.
# add wave -noreg {/alu_tb/UUT/ALU_Result}
# add wave -noreg {/alu_tb/UUT/tmp}
# add wave -noreg {/alu_tb/UUT/A}
# add wave -noreg {/alu_tb/UUT/B}
# add wave -noreg {/alu_tb/UUT/Cin}
# add wave -noreg {/alu_tb/UUT/ALU_Sel}
# add wave -noreg {/alu_tb/UUT/ALU_Out}
# add wave -noreg {/alu_tb/UUT/Cout}
# 8 signal(s) traced.
endsim
#  Simulation has been stopped
asim -O5 +access +r +m+alu_tb alu_tb TB_ARCHITECTURE
# ELBREAD: Elaboration process.
# ELBREAD: Elaboration time 0.0 [s].
# asim: Stack memory: 32MB
# asim: Retval memory: 32MB
# KERNEL: Main thread initiated.
# KERNEL: Kernel process initialization phase.
# KERNEL: Time resolution set to 1ps.
# ELAB2: Elaboration final pass...
# ELAB2: Create instances ...
# ELAB2: Create instances complete.
# SLP: Started
# SLP: Elaboration phase ...
# SLP: Elaboration phase ... skipped, nothing to simulate in SLP mode : 0.0 [s]
# SLP: Finished : 0.0 [s]
# ELAB2: Elaboration final pass complete - time: 0.0 [s].
# KERNEL: Kernel process initialization done.
# Allocation: Simulator allocated 6213 kB (elbread=1023 elab2=5095 kernel=94 sdf=0)
# KERNEL: ASDB file was created in location d:\fucking uni\Fucking_CA_Lab\sh\art_lu\alu\src\wave.asdb
#  5:58 PM, Tuesday, December 15, 2020
#  Simulation has been initialized
#  Selected Top-Level: alu_tb (TB_ARCHITECTURE)
# Waveform file 'untitled.awc' connected to 'd:/fucking uni/Fucking_CA_Lab/sh/art_lu/alu/src/wave.asdb'.
run 200 ns
# KERNEL: WARNING: There is an 'U'|'X'|'W'|'Z'|'-' in an arithmetic operand, the result will be 'X'(es).
# KERNEL: Time: 0 ps,  Iteration: 0,  Instance: /alu_tb/UUT,  Process: line__49.
# KERNEL: WARNING: There is an 'U'|'X'|'W'|'Z'|'-' in an arithmetic operand, the result will be 'X'(es).
# KERNEL: Time: 0 ps,  Iteration: 0,  Instance: /alu_tb/UUT,  Process: line__49.
# KERNEL: WARNING: There is an 'U'|'X'|'W'|'Z'|'-' in an arithmetic operand, the result will be 'X'(es).
# KERNEL: Time: 10 ns,  Iteration: 0,  Instance: /alu_tb/UUT,  Process: line__49.
# KERNEL: WARNING: There is an 'U'|'X'|'W'|'Z'|'-' in an arithmetic operand, the result will be 'X'(es).
# KERNEL: Time: 10 ns,  Iteration: 0,  Instance: /alu_tb/UUT,  Process: line__49.
# KERNEL: WARNING: There is an 'U'|'X'|'W'|'Z'|'-' in an arithmetic operand, the result will be 'X'(es).
# KERNEL: Time: 20 ns,  Iteration: 0,  Instance: /alu_tb/UUT,  Process: line__49.
# KERNEL: stopped at time: 200 ns
endsim
#  Simulation has been stopped
# Error: Accelerated Waveform: Simulation database is not connected. Initialize simulation or load simulation database by opening waveform file (AWC, ASDB).
asim -O5 +access +r +m+alu_tb alu_tb TB_ARCHITECTURE
# ELBREAD: Elaboration process.
# ELBREAD: Elaboration time 0.0 [s].
# asim: Stack memory: 32MB
# asim: Retval memory: 32MB
# KERNEL: Main thread initiated.
# KERNEL: Kernel process initialization phase.
# KERNEL: Time resolution set to 1ps.
# ELAB2: Elaboration final pass...
# ELAB2: Create instances ...
# ELAB2: Create instances complete.
# SLP: Started
# SLP: Elaboration phase ...
# SLP: Elaboration phase ... skipped, nothing to simulate in SLP mode : 0.0 [s]
# SLP: Finished : 0.0 [s]
# ELAB2: Elaboration final pass complete - time: 0.1 [s].
# KERNEL: Kernel process initialization done.
# Allocation: Simulator allocated 6213 kB (elbread=1023 elab2=5095 kernel=94 sdf=0)
# KERNEL: ASDB file was created in location d:\fucking uni\Fucking_CA_Lab\sh\art_lu\alu\src\wave.asdb
#  5:59 PM, Tuesday, December 15, 2020
#  Simulation has been initialized
#  Selected Top-Level: alu_tb (TB_ARCHITECTURE)
run 200 ns
# KERNEL: WARNING: There is an 'U'|'X'|'W'|'Z'|'-' in an arithmetic operand, the result will be 'X'(es).
# KERNEL: Time: 0 ps,  Iteration: 0,  Instance: /alu_tb/UUT,  Process: line__49.
# KERNEL: WARNING: There is an 'U'|'X'|'W'|'Z'|'-' in an arithmetic operand, the result will be 'X'(es).
# KERNEL: Time: 0 ps,  Iteration: 0,  Instance: /alu_tb/UUT,  Process: line__49.
# KERNEL: WARNING: There is an 'U'|'X'|'W'|'Z'|'-' in an arithmetic operand, the result will be 'X'(es).
# KERNEL: Time: 10 ns,  Iteration: 0,  Instance: /alu_tb/UUT,  Process: line__49.
# KERNEL: WARNING: There is an 'U'|'X'|'W'|'Z'|'-' in an arithmetic operand, the result will be 'X'(es).
# KERNEL: Time: 10 ns,  Iteration: 0,  Instance: /alu_tb/UUT,  Process: line__49.
# KERNEL: WARNING: There is an 'U'|'X'|'W'|'Z'|'-' in an arithmetic operand, the result will be 'X'(es).
# KERNEL: Time: 20 ns,  Iteration: 0,  Instance: /alu_tb/UUT,  Process: line__49.
# KERNEL: stopped at time: 200 ns
# Waveform file 'untitled.awc' connected to 'd:/fucking uni/Fucking_CA_Lab/sh/art_lu/alu/src/wave.asdb'.
# add wave -noreg {/alu_tb/UUT/ALU_Result}
# add wave -noreg {/alu_tb/UUT/tmp}
# add wave -noreg {/alu_tb/UUT/A}
# add wave -noreg {/alu_tb/UUT/B}
# add wave -noreg {/alu_tb/UUT/Cin}
# add wave -noreg {/alu_tb/UUT/ALU_Sel}
# add wave -noreg {/alu_tb/UUT/ALU_Out}
# add wave -noreg {/alu_tb/UUT/Cout}
# 8 signal(s) traced.
run 200 ns
# KERNEL: stopped at time: 400 ns
acom -O3 -work alu -2002  $dsn/src/alu.vhd
# Compile...
# Warning: DAGGEN_0523: The source is compiled without the -dbg switch. Line breakpoints, code coverage, and assertion debug will not be available.
# File: d:\fucking uni\Fucking_CA_Lab\sh\art_lu\alu\src\alu.vhd
# Compile Entity "alu"
# Compile Architecture "Behavioral" of Entity "alu"
# Compile success 0 Errors 0 Warnings  Analysis time :  0.1 [s]
acom -O3 -work alu -2002  $dsn/src/TestBench/alu_TB.vhd
# Compile...
# Warning: DAGGEN_0523: The source is compiled without the -dbg switch. Line breakpoints, code coverage, and assertion debug will not be available.
# File: d:\fucking uni\Fucking_CA_Lab\sh\art_lu\alu\src\TestBench\alu_TB.vhd
# Compile Entity "alu_tb"
# Compile Architecture "TB_ARCHITECTURE" of Entity "alu_tb"
# Error: ELAB1_0028: alu_TB.vhd : (43, 0): Entity port length is 4. ALU_Sel length is 3.
# Compile Configuration "TESTBENCH_FOR_alu"
# Error: ELAB1_0028: alu_TB.vhd : (43, 0): Entity port length is 4. ALU_Sel length is 3.
# Error: ELAB1_0028: alu_TB.vhd : (108, 1): Entity port length is 4. ALU_Sel length is 3.
# Error: COMP96_0203: alu_TB.vhd : (109, 4): Binding indication has neither a generic map aspect nor a port map aspect.
# Error: ELAB1_0028: alu_TB.vhd : (109, 1): Entity port length is 4. ALU_Sel length is 3.
# Compile failure 5 Errors 0 Warnings  Analysis time :  0.8 [s]
acom -O3 -work alu -2002  $dsn/src/TestBench/alu_TB.vhd
# Compile...
# Warning: DAGGEN_0523: The source is compiled without the -dbg switch. Line breakpoints, code coverage, and assertion debug will not be available.
# File: d:\fucking uni\Fucking_CA_Lab\sh\art_lu\alu\src\TestBench\alu_TB.vhd
# Compile Entity "alu_tb"
# Compile Architecture "TB_ARCHITECTURE" of Entity "alu_tb"
# Error: ELAB1_0028: alu_TB.vhd : (43, 0): Entity port length is 4. ALU_Sel length is 3.
# Error: COMP96_0367: alu_TB.vhd : (65, 16): Improper array length (4). Expected length is 3.
# Error: COMP96_0367: alu_TB.vhd : (69, 14): Improper array length (4). Expected length is 3.
# Error: COMP96_0367: alu_TB.vhd : (74, 14): Improper array length (4). Expected length is 3.
# Error: COMP96_0367: alu_TB.vhd : (79, 14): Improper array length (4). Expected length is 3.
# Error: COMP96_0367: alu_TB.vhd : (84, 14): Improper array length (4). Expected length is 3.
# Error: COMP96_0367: alu_TB.vhd : (89, 14): Improper array length (4). Expected length is 3.
# Error: COMP96_0367: alu_TB.vhd : (94, 14): Improper array length (4). Expected length is 3.
# Error: COMP96_0367: alu_TB.vhd : (99, 14): Improper array length (4). Expected length is 3.
# Error: COMP96_0367: alu_TB.vhd : (104, 14): Improper array length (4). Expected length is 3.
# Error: COMP96_0367: alu_TB.vhd : (109, 14): Improper array length (4). Expected length is 3.
# Error: COMP96_0367: alu_TB.vhd : (114, 14): Improper array length (4). Expected length is 3.
# Error: COMP96_0367: alu_TB.vhd : (119, 14): Improper array length (4). Expected length is 3.
# Error: COMP96_0367: alu_TB.vhd : (124, 14): Improper array length (4). Expected length is 3.
# Compile Configuration "TESTBENCH_FOR_alu"
# Error: ELAB1_0028: alu_TB.vhd : (43, 0): Entity port length is 4. ALU_Sel length is 3.
# Error: ELAB1_0028: alu_TB.vhd : (133, 1): Entity port length is 4. ALU_Sel length is 3.
# Error: COMP96_0203: alu_TB.vhd : (134, 4): Binding indication has neither a generic map aspect nor a port map aspect.
# Error: ELAB1_0028: alu_TB.vhd : (134, 1): Entity port length is 4. ALU_Sel length is 3.
# Compile failure 18 Errors 0 Warnings  Analysis time :  0.6 [s]
acom -O3 -work alu -2002  $dsn/src/TestBench/alu_TB.vhd
# Compile...
# Warning: DAGGEN_0523: The source is compiled without the -dbg switch. Line breakpoints, code coverage, and assertion debug will not be available.
# File: d:\fucking uni\Fucking_CA_Lab\sh\art_lu\alu\src\TestBench\alu_TB.vhd
# Compile Entity "alu_tb"
# Compile Architecture "TB_ARCHITECTURE" of Entity "alu_tb"
# Compile Configuration "TESTBENCH_FOR_alu"
# Compile success 0 Errors 0 Warnings  Analysis time :  93.0 [ms]
# add wave -noreg {/alu_tb/UUT/ALU_Result}
# add wave -noreg {/alu_tb/UUT/tmp}
# add wave -noreg {/alu_tb/UUT/A}
# add wave -noreg {/alu_tb/UUT/B}
# add wave -noreg {/alu_tb/UUT/Cin}
# add wave -noreg {/alu_tb/UUT/ALU_Sel}
# add wave -noreg {/alu_tb/UUT/ALU_Out}
# add wave -noreg {/alu_tb/UUT/Cout}
# KERNEL: Warning: KERNEL_0291 Signal '/alu_tb/UUT/ALU_Result' has already been traced.
# KERNEL: Warning: KERNEL_0291 Signal '/alu_tb/UUT/tmp' has already been traced.
# KERNEL: Warning: KERNEL_0291 Signal '/alu_tb/UUT/A' has already been traced.
# KERNEL: Warning: KERNEL_0291 Signal '/alu_tb/UUT/B' has already been traced.
# KERNEL: Warning: KERNEL_0291 Signal '/alu_tb/UUT/Cin' has already been traced.
# KERNEL: Warning: KERNEL_0291 Signal '/alu_tb/UUT/ALU_Sel' has already been traced.
# KERNEL: Warning: KERNEL_0291 Signal '/alu_tb/UUT/ALU_Out' has already been traced.
# KERNEL: Warning: KERNEL_0291 Signal '/alu_tb/UUT/Cout' has already been traced.
# 0 signal(s) traced.
endsim
#  Simulation has been stopped
asim -O5 +access +r +m+alu_tb alu_tb TB_ARCHITECTURE
# ELBREAD: Elaboration process.
# ELBREAD: Elaboration time 0.0 [s].
# asim: Stack memory: 32MB
# asim: Retval memory: 32MB
# KERNEL: Main thread initiated.
# KERNEL: Kernel process initialization phase.
# KERNEL: Time resolution set to 1ps.
# ELAB2: Elaboration final pass...
# ELAB2: Create instances ...
# ELAB2: Create instances complete.
# SLP: Started
# SLP: Elaboration phase ...
# SLP: Elaboration phase ... skipped, nothing to simulate in SLP mode : 0.0 [s]
# SLP: Finished : 0.0 [s]
# ELAB2: Elaboration final pass complete - time: 0.0 [s].
# KERNEL: Kernel process initialization done.
# Allocation: Simulator allocated 6220 kB (elbread=1023 elab2=5102 kernel=94 sdf=0)
# KERNEL: ASDB file was created in location d:\fucking uni\Fucking_CA_Lab\sh\art_lu\alu\src\wave.asdb
#  6:15 PM, Tuesday, December 15, 2020
#  Simulation has been initialized
#  Selected Top-Level: alu_tb (TB_ARCHITECTURE)
# Waveform file 'untitled.awc' connected to 'd:/fucking uni/Fucking_CA_Lab/sh/art_lu/alu/src/wave.asdb'.
run 2000 ns
# KERNEL: WARNING: There is an 'U'|'X'|'W'|'Z'|'-' in an arithmetic operand, the result will be 'X'(es).
# KERNEL: Time: 0 ps,  Iteration: 0,  Instance: /alu_tb/UUT,  Process: line__65.
# KERNEL: WARNING: There is an 'U'|'X'|'W'|'Z'|'-' in an arithmetic operand, the result will be 'X'(es).
# KERNEL: Time: 0 ps,  Iteration: 0,  Instance: /alu_tb/UUT,  Process: line__65.
# KERNEL: stopped at time: 2 us
# add wave -noreg {/alu_tb/UUT/ALU_Result}
# add wave -noreg {/alu_tb/UUT/tmp}
# add wave -noreg {/alu_tb/UUT/A}
# add wave -noreg {/alu_tb/UUT/B}
# add wave -noreg {/alu_tb/UUT/Cin}
# add wave -noreg {/alu_tb/UUT/ALU_Sel}
# add wave -noreg {/alu_tb/UUT/ALU_Out}
# add wave -noreg {/alu_tb/UUT/Cout}
# 8 signal(s) traced.
run 2000 ns
# KERNEL: stopped at time: 4 us
acom -O3 -work alu -2002  $dsn/src/alu.vhd
# Compile...
# Warning: DAGGEN_0523: The source is compiled without the -dbg switch. Line breakpoints, code coverage, and assertion debug will not be available.
# File: d:\fucking uni\Fucking_CA_Lab\sh\art_lu\alu\src\alu.vhd
# Compile Entity "alu"
# Compile Architecture "Behavioral" of Entity "alu"
# Error: COMP96_0078: alu.vhd : (25, 23): Unknown identifier "ALU_Result".
# Error: COMP96_0348: alu.vhd : (25, 23): Name on sensitivity list must denote a signal.
# Compile failure 2 Errors 0 Warnings  Analysis time :  16.0 [ms]
acom -O3 -work alu -2002  $dsn/src/alu.vhd
# Compile...
# Warning: DAGGEN_0523: The source is compiled without the -dbg switch. Line breakpoints, code coverage, and assertion debug will not be available.
# File: d:\fucking uni\Fucking_CA_Lab\sh\art_lu\alu\src\alu.vhd
# Compile Entity "alu"
# Compile Architecture "Behavioral" of Entity "alu"
# Compile success 0 Errors 0 Warnings  Analysis time :  0.1 [s]
acom -O3 -work alu -2002  $dsn/src/TestBench/alu_TB.vhd
# Compile...
# Warning: DAGGEN_0523: The source is compiled without the -dbg switch. Line breakpoints, code coverage, and assertion debug will not be available.
# File: d:\fucking uni\Fucking_CA_Lab\sh\art_lu\alu\src\TestBench\alu_TB.vhd
# Compile Entity "alu_tb"
# Compile Architecture "TB_ARCHITECTURE" of Entity "alu_tb"
# Warning: ELAB1_0026: alu_TB.vhd : (43, 0): There is no default binding for component "alu". (Generic "N" is not on the entity).
# Error: COMP96_0078: alu_TB.vhd : (49, 14): Unknown identifier "ALU_Sel".
# Error: COMP96_0078: alu_TB.vhd : (50, 14): Unknown identifier "ALU_Out".
# Error: COMP96_0133: alu_TB.vhd : (49, 14): Cannot find object declaration.
# Error: COMP96_0133: alu_TB.vhd : (50, 14): Cannot find object declaration.
# Error: COMP96_0104: alu_TB.vhd : (49, 4): Undefined type of expression.
# Error: COMP96_0104: alu_TB.vhd : (50, 4): Undefined type of expression.
# Compile Configuration "TESTBENCH_FOR_alu"
# Error: ELAB1_0024: alu_TB.vhd : (132, 0): Entity does not have a generic named "N".
# Error: ELAB1_0011: alu_TB.vhd : (132, 0): Port "Choose" is on entity "alu" but not on the component declaration.
# Error: ELAB1_0030: alu_TB.vhd : (132, 0): Port "ALU_Sel" is on component "alu" but not on the entity "alu".
# Error: ELAB1_0030: alu_TB.vhd : (132, 0): Port "ALU_Out" is on component "alu" but not on the entity "alu".
# Error: COMP96_0203: alu_TB.vhd : (133, 4): Binding indication has neither a generic map aspect nor a port map aspect.
# Error: ELAB1_0024: alu_TB.vhd : (133, 0): Entity does not have a generic named "N".
# Error: ELAB1_0011: alu_TB.vhd : (133, 0): Port "Choose" is on entity "alu" but not on the component declaration.
# Error: ELAB1_0030: alu_TB.vhd : (133, 0): Port "ALU_Sel" is on component "alu" but not on the entity "alu".
# Error: ELAB1_0030: alu_TB.vhd : (133, 0): Port "ALU_Out" is on component "alu" but not on the entity "alu".
# Compile failure 15 Errors 1 Warnings  Analysis time :  31.0 [ms]
acom -O3 -work alu -2002  $dsn/src/TestBench/alu_TB.vhd
# Compile...
# Warning: DAGGEN_0523: The source is compiled without the -dbg switch. Line breakpoints, code coverage, and assertion debug will not be available.
# File: d:\fucking uni\Fucking_CA_Lab\sh\art_lu\alu\src\TestBench\alu_TB.vhd
# Compile Entity "alu_tb"
# Compile Architecture "TB_ARCHITECTURE" of Entity "alu_tb"
# Warning: ELAB1_0026: alu_TB.vhd : (43, 0): There is no default binding for component "alu". (Generic "N" is not on the entity).
# Compile Configuration "TESTBENCH_FOR_alu"
# Error: ELAB1_0024: alu_TB.vhd : (132, 0): Entity does not have a generic named "N".
# Error: COMP96_0203: alu_TB.vhd : (133, 4): Binding indication has neither a generic map aspect nor a port map aspect.
# Error: ELAB1_0024: alu_TB.vhd : (133, 0): Entity does not have a generic named "N".
# Compile failure 3 Errors 1 Warnings  Analysis time :  94.0 [ms]
acom -O3 -work alu -2002  $dsn/src/TestBench/alu_TB.vhd
# Compile...
# Warning: DAGGEN_0523: The source is compiled without the -dbg switch. Line breakpoints, code coverage, and assertion debug will not be available.
# File: d:\fucking uni\Fucking_CA_Lab\sh\art_lu\alu\src\TestBench\alu_TB.vhd
# Compile Entity "alu_tb"
# Compile Architecture "TB_ARCHITECTURE" of Entity "alu_tb"
# Warning: ELAB1_0026: alu_TB.vhd : (43, 0): There is no default binding for component "alu". (Generic "N" is not on the entity).
# Error: COMP96_0078: alu_TB.vhd : (45, 9): Unknown identifier "S".
# Error: COMP96_0078: alu_TB.vhd : (45, 4): Unknown identifier "S".
# Error: COMP96_0133: alu_TB.vhd : (45, 4): Cannot find object declaration.
# Error: COMP96_0112: alu_TB.vhd : (45, 4): "S" does not match the formal name.
# Compile Configuration "TESTBENCH_FOR_alu"
# Error: ELAB1_0024: alu_TB.vhd : (132, 0): Entity does not have a generic named "N".
# Error: COMP96_0203: alu_TB.vhd : (133, 4): Binding indication has neither a generic map aspect nor a port map aspect.
# Error: ELAB1_0024: alu_TB.vhd : (133, 0): Entity does not have a generic named "N".
# Compile failure 7 Errors 1 Warnings  Analysis time :  31.0 [ms]
acom -O3 -work alu -2002  $dsn/src/TestBench/alu_TB.vhd
# Compile...
# Warning: DAGGEN_0523: The source is compiled without the -dbg switch. Line breakpoints, code coverage, and assertion debug will not be available.
# File: d:\fucking uni\Fucking_CA_Lab\sh\art_lu\alu\src\TestBench\alu_TB.vhd
# Compile Entity "alu_tb"
# Compile Architecture "TB_ARCHITECTURE" of Entity "alu_tb"
# Error: COMP96_0078: alu_TB.vhd : (45, 9): Unknown identifier "S".
# Error: COMP96_0133: alu_TB.vhd : (45, 9): Cannot find object declaration.
# Error: COMP96_0104: alu_TB.vhd : (45, 4): Undefined type of expression.
# Compile Configuration "TESTBENCH_FOR_alu"
# Error: ELAB1_0024: alu_TB.vhd : (132, 0): Entity does not have a generic named "N".
# Error: COMP96_0203: alu_TB.vhd : (133, 4): Binding indication has neither a generic map aspect nor a port map aspect.
# Error: ELAB1_0024: alu_TB.vhd : (133, 0): Entity does not have a generic named "N".
# Compile failure 6 Errors 0 Warnings  Analysis time :  16.0 [ms]
acom -O3 -work alu -2002  $dsn/src/TestBench/alu_TB.vhd
# Compile...
# Warning: DAGGEN_0523: The source is compiled without the -dbg switch. Line breakpoints, code coverage, and assertion debug will not be available.
# File: d:\fucking uni\Fucking_CA_Lab\sh\art_lu\alu\src\TestBench\alu_TB.vhd
# Compile Entity "alu_tb"
# Compile Architecture "TB_ARCHITECTURE" of Entity "alu_tb"
# Compile Configuration "TESTBENCH_FOR_alu"
# Compile success 0 Errors 0 Warnings  Analysis time :  93.0 [ms]
# add wave -noreg {/alu_tb/UUT/ALU_Result}
# add wave -noreg {/alu_tb/UUT/tmp}
# add wave -noreg {/alu_tb/UUT/A}
# add wave -noreg {/alu_tb/UUT/B}
# add wave -noreg {/alu_tb/UUT/Cin}
# add wave -noreg {/alu_tb/UUT/ALU_Sel}
# add wave -noreg {/alu_tb/UUT/ALU_Out}
# add wave -noreg {/alu_tb/UUT/Cout}
# KERNEL: Warning: KERNEL_0291 Signal '/alu_tb/UUT/ALU_Result' has already been traced.
# KERNEL: Warning: KERNEL_0291 Signal '/alu_tb/UUT/tmp' has already been traced.
# KERNEL: Warning: KERNEL_0291 Signal '/alu_tb/UUT/A' has already been traced.
# KERNEL: Warning: KERNEL_0291 Signal '/alu_tb/UUT/B' has already been traced.
# KERNEL: Warning: KERNEL_0291 Signal '/alu_tb/UUT/Cin' has already been traced.
# KERNEL: Warning: KERNEL_0291 Signal '/alu_tb/UUT/ALU_Sel' has already been traced.
# KERNEL: Warning: KERNEL_0291 Signal '/alu_tb/UUT/ALU_Out' has already been traced.
# KERNEL: Warning: KERNEL_0291 Signal '/alu_tb/UUT/Cout' has already been traced.
# 0 signal(s) traced.
endsim
#  Simulation has been stopped
# Error: Accelerated Waveform: Simulation database is not connected. Initialize simulation or load simulation database by opening waveform file (AWC, ASDB).
# Error: Accelerated Waveform: Simulation database is not connected. Initialize simulation or load simulation database by opening waveform file (AWC, ASDB).
asim -O5 +access +r +m+alu_tb alu_tb TB_ARCHITECTURE
# ELBREAD: Elaboration process.
# ELBREAD: Elaboration time 0.0 [s].
# asim: Stack memory: 32MB
# asim: Retval memory: 32MB
# KERNEL: Main thread initiated.
# KERNEL: Kernel process initialization phase.
# KERNEL: Time resolution set to 1ps.
# ELAB2: Elaboration final pass...
# ELAB2: Create instances ...
# ELAB2: Create instances complete.
# SLP: Started
# SLP: Elaboration phase ...
# SLP: Elaboration phase ... skipped, nothing to simulate in SLP mode : 0.0 [s]
# SLP: Finished : 0.0 [s]
# ELAB2: Elaboration final pass complete - time: 0.0 [s].
# KERNEL: Kernel process initialization done.
# Allocation: Simulator allocated 6220 kB (elbread=1023 elab2=5102 kernel=94 sdf=0)
# KERNEL: ASDB file was created in location d:\fucking uni\Fucking_CA_Lab\sh\art_lu\alu\src\wave.asdb
#  6:48 PM, Tuesday, December 15, 2020
#  Simulation has been initialized
#  Selected Top-Level: alu_tb (TB_ARCHITECTURE)
run 2000 ns
# KERNEL: WARNING: There is an 'U'|'X'|'W'|'Z'|'-' in an arithmetic operand, the result will be 'X'(es).
# KERNEL: Time: 0 ps,  Iteration: 0,  Instance: /alu_tb/UUT,  Process: line__65.
# KERNEL: WARNING: There is an 'U'|'X'|'W'|'Z'|'-' in an arithmetic operand, the result will be 'X'(es).
# KERNEL: Time: 0 ps,  Iteration: 0,  Instance: /alu_tb/UUT,  Process: line__65.
# KERNEL: stopped at time: 2 us
endsim
#  Simulation has been stopped
# Error: Accelerated Waveform: Simulation database is not connected. Initialize simulation or load simulation database by opening waveform file (AWC, ASDB).
asim -O5 +access +r +m+alu_tb alu_tb TB_ARCHITECTURE
# ELBREAD: Elaboration process.
# ELBREAD: Elaboration time 0.0 [s].
# asim: Stack memory: 32MB
# asim: Retval memory: 32MB
# KERNEL: Main thread initiated.
# KERNEL: Kernel process initialization phase.
# KERNEL: Time resolution set to 1ps.
# ELAB2: Elaboration final pass...
# ELAB2: Create instances ...
# ELAB2: Create instances complete.
# SLP: Started
# SLP: Elaboration phase ...
# SLP: Elaboration phase ... skipped, nothing to simulate in SLP mode : 0.0 [s]
# SLP: Finished : 0.0 [s]
# ELAB2: Elaboration final pass complete - time: 0.0 [s].
# KERNEL: Kernel process initialization done.
# Allocation: Simulator allocated 6220 kB (elbread=1023 elab2=5102 kernel=94 sdf=0)
# KERNEL: ASDB file was created in location d:\fucking uni\Fucking_CA_Lab\sh\art_lu\alu\src\wave.asdb
#  6:49 PM, Tuesday, December 15, 2020
#  Simulation has been initialized
#  Selected Top-Level: alu_tb (TB_ARCHITECTURE)
run 2000 ns
# KERNEL: WARNING: There is an 'U'|'X'|'W'|'Z'|'-' in an arithmetic operand, the result will be 'X'(es).
# KERNEL: Time: 0 ps,  Iteration: 0,  Instance: /alu_tb/UUT,  Process: line__65.
# KERNEL: WARNING: There is an 'U'|'X'|'W'|'Z'|'-' in an arithmetic operand, the result will be 'X'(es).
# KERNEL: Time: 0 ps,  Iteration: 0,  Instance: /alu_tb/UUT,  Process: line__65.
# KERNEL: stopped at time: 2 us
endsim
#  Simulation has been stopped
# Error: Accelerated Waveform: Simulation database is not connected. Initialize simulation or load simulation database by opening waveform file (AWC, ASDB).
# Error: Accelerated Waveform: Simulation database is not connected. Initialize simulation or load simulation database by opening waveform file (AWC, ASDB).
asim -O5 +access +r +m+alu_tb alu_tb TB_ARCHITECTURE
# ELBREAD: Elaboration process.
# ELBREAD: Elaboration time 0.0 [s].
# asim: Stack memory: 32MB
# asim: Retval memory: 32MB
# KERNEL: Main thread initiated.
# KERNEL: Kernel process initialization phase.
# KERNEL: Time resolution set to 1ps.
# ELAB2: Elaboration final pass...
# ELAB2: Create instances ...
# ELAB2: Create instances complete.
# SLP: Started
# SLP: Elaboration phase ...
# SLP: Elaboration phase ... skipped, nothing to simulate in SLP mode : 0.0 [s]
# SLP: Finished : 0.0 [s]
# ELAB2: Elaboration final pass complete - time: 0.0 [s].
# KERNEL: Kernel process initialization done.
# Allocation: Simulator allocated 6220 kB (elbread=1023 elab2=5102 kernel=94 sdf=0)
# KERNEL: ASDB file was created in location d:\fucking uni\Fucking_CA_Lab\sh\art_lu\alu\src\wave.asdb
#  6:49 PM, Tuesday, December 15, 2020
#  Simulation has been initialized
#  Selected Top-Level: alu_tb (TB_ARCHITECTURE)
run 2000 ns
# KERNEL: WARNING: There is an 'U'|'X'|'W'|'Z'|'-' in an arithmetic operand, the result will be 'X'(es).
# KERNEL: Time: 0 ps,  Iteration: 0,  Instance: /alu_tb/UUT,  Process: line__65.
# KERNEL: WARNING: There is an 'U'|'X'|'W'|'Z'|'-' in an arithmetic operand, the result will be 'X'(es).
# KERNEL: Time: 0 ps,  Iteration: 0,  Instance: /alu_tb/UUT,  Process: line__65.
# KERNEL: stopped at time: 2 us
endsim
#  Simulation has been stopped
# Error: Accelerated Waveform: Simulation database is not connected. Initialize simulation or load simulation database by opening waveform file (AWC, ASDB).
asim -O5 +access +r +m+alu_tb alu_tb TB_ARCHITECTURE
# ELBREAD: Elaboration process.
# ELBREAD: Elaboration time 0.0 [s].
# asim: Stack memory: 32MB
# asim: Retval memory: 32MB
# KERNEL: Main thread initiated.
# KERNEL: Kernel process initialization phase.
# KERNEL: Time resolution set to 1ps.
# ELAB2: Elaboration final pass...
# ELAB2: Create instances ...
# ELAB2: Create instances complete.
# SLP: Started
# SLP: Elaboration phase ...
# SLP: Elaboration phase ... skipped, nothing to simulate in SLP mode : 0.0 [s]
# SLP: Finished : 0.0 [s]
# ELAB2: Elaboration final pass complete - time: 0.0 [s].
# KERNEL: Kernel process initialization done.
# Allocation: Simulator allocated 6220 kB (elbread=1023 elab2=5102 kernel=94 sdf=0)
# KERNEL: ASDB file was created in location d:\fucking uni\Fucking_CA_Lab\sh\art_lu\alu\src\wave.asdb
#  6:49 PM, Tuesday, December 15, 2020
#  Simulation has been initialized
#  Selected Top-Level: alu_tb (TB_ARCHITECTURE)
run 2000 ns
# KERNEL: WARNING: There is an 'U'|'X'|'W'|'Z'|'-' in an arithmetic operand, the result will be 'X'(es).
# KERNEL: Time: 0 ps,  Iteration: 0,  Instance: /alu_tb/UUT,  Process: line__65.
# KERNEL: WARNING: There is an 'U'|'X'|'W'|'Z'|'-' in an arithmetic operand, the result will be 'X'(es).
# KERNEL: Time: 0 ps,  Iteration: 0,  Instance: /alu_tb/UUT,  Process: line__65.
# KERNEL: stopped at time: 2 us
# Waveform file 'untitled.awc' connected to 'd:/fucking uni/Fucking_CA_Lab/sh/art_lu/alu/src/wave.asdb'.
# add wave -noreg {/alu_tb/UUT/tmp}
# add wave -noreg {/alu_tb/UUT/Calculate}
# add wave -noreg {/alu_tb/UUT/Choose}
# add wave -noreg {/alu_tb/UUT/Output}
# add wave -noreg {/alu_tb/UUT/A}
# add wave -noreg {/alu_tb/UUT/B}
# add wave -noreg {/alu_tb/UUT/Cin}
# add wave -noreg {/alu_tb/UUT/Cout}
# 8 signal(s) traced.
run 2000 ns
# KERNEL: stopped at time: 4 us
# Adding file d:\fucking uni\Fucking_CA_Lab\sh\art_lu\alu\src\untitled.awc ... Done
#  Simulation has been stopped
