# ELBREAD: Elaboration process.
# ELBREAD: Elaboration time 0.0 [s].
# Waveform file 'untitled.awc' connected to 'D:/fucking uni/Fucking_CA_Lab/sh/full_adder/fu_adder/src/wave.asdb'.
# ELBREAD: Elaboration process.
# ELBREAD: Elaboration time 0.0 [s].
asim -O5 +access +r +m+full_adder_behavioral_vhdl_tb full_adder_behavioral_vhdl_tb TB_ARCHITECTURE
# ELBREAD: Elaboration process.
# ELBREAD: Elaboration time 0.0 [s].
# asim: Stack memory: 32MB
# asim: Retval memory: 32MB
# KERNEL: Main thread initiated.
# KERNEL: Kernel process initialization phase.
# KERNEL: Time resolution set to 1ps.
# ELAB2: Elaboration final pass...
# ELAB2: Create instances ...
# ELAB2: Create instances complete.
# SLP: Started
# SLP: Elaboration phase ...
# SLP: Elaboration phase ... skipped, nothing to simulate in SLP mode : 0.0 [s]
# SLP: Finished : 0.0 [s]
# ELAB2: Elaboration final pass complete - time: 0.0 [s].
# KERNEL: Kernel process initialization done.
# Allocation: Simulator allocated 6091 kB (elbread=1023 elab2=4973 kernel=94 sdf=0)
# KERNEL: ASDB file was created in location D:\fucking uni\Fucking_CA_Lab\sh\full_adder\fu_adder\src\wave.asdb
#  9:56 AM, Monday, November 23, 2020
#  Simulation has been initialized
#  Selected Top-Level: full_adder_behavioral_vhdl_tb (TB_ARCHITECTURE)
# Waveform file 'untitled.awc' connected to 'D:/fucking uni/Fucking_CA_Lab/sh/full_adder/fu_adder/src/wave.asdb'.
# add wave -noreg {/full_adder_behavioral_vhdl_tb/Cin}
# add wave -noreg {/full_adder_behavioral_vhdl_tb/X1}
# add wave -noreg {/full_adder_behavioral_vhdl_tb/X2}
# add wave -noreg {/full_adder_behavioral_vhdl_tb/S}
# add wave -noreg {/full_adder_behavioral_vhdl_tb/Cout}
# 5 signal(s) traced.
run @600ns
# KERNEL: stopped at time: 600 ns
# Adding file D:\fucking uni\Fucking_CA_Lab\sh\full_adder\untitled.awc ... Done
#  Simulation has been stopped
