Active-HDL 9.2.2499.sp1.36.4586  2020-12-16 04:26:00

Elaboration top modules:
Architecture                  TB_ARCHITECTURE(register32_tb)


---------------------------------------------------------------------------------------------------------
Entity        | Architecture    | Library | Info | Compiler Version                | Compilation Options
---------------------------------------------------------------------------------------------------------
register32_tb | TB_ARCHITECTURE | Reg     |      | 9.2.2499.sp1.36.4586  (Windows) | -O3
register32    | behavioral      | reg     |      | 9.2.2499.sp1.36.4586  (Windows) | -O3
---------------------------------------------------------------------------------------------------------

---------------------------------------------------------------------------------------------------------
VHDL Package                    | Library | Info | Compiler Version                | Compilation Options
---------------------------------------------------------------------------------------------------------
standard                        | std     |      |                                 | <unavailable>
TEXTIO                          | std     |      | 9.2.2499.sp1.36.4586  (Windows) |  -2008
std_logic_1164                  | ieee    |      | 9.2.2499.sp1.36.4586  (Windows) |  -2008
NUMERIC_STD                     | ieee    |      | 9.2.2499.sp1.36.4586  (Windows) |  -2008
---------------------------------------------------------------------------------------------------------

---------------------------------------------------------------------------------------------------------
Library                         | Comment
---------------------------------------------------------------------------------------------------------
ieee                            | Standard IEEE packages library
Reg                             | None
std                             | Standard VHDL library
---------------------------------------------------------------------------------------------------------


Simulation Options: asim +access +w_nets +accb +accr +access +r +access +r+w register32_tb TB_ARCHITECTURE

